<?xml version="1.0" encoding="UTF-8"?>
<!-- Generated by org.testng.reporters.JUnitReportReporter -->
<testsuite hostname="DESKTOP-2N5E42V" failures="0" tests="1" name="com.qacart.todo.testcases.DependOnUserStateDeleteTodoTest" time="9.151" errors="0" timestamp="2025-02-11T07:32:23 EET" skipped="0">
  <testcase classname="com.qacart.todo.testcases.DependOnUserStateDeleteTodoTest" name="checkAbleToDeleteTodoTask" time="9.151"/>
</testsuite> <!-- com.qacart.todo.testcases.DependOnUserStateDeleteTodoTest -->
