<?xml version="1.0" encoding="UTF-8"?>
<!-- Generated by org.testng.reporters.JUnitReportReporter -->
<testsuite hostname="DESKTOP-2N5E42V" failures="0" tests="1" name="com.qacart.todo.testcases.RegisterTest" time="5.075" errors="0" timestamp="2025-02-11T07:32:23 EET" skipped="0">
  <testcase classname="com.qacart.todo.testcases.RegisterTest" name="registerWithValidCredentials" time="5.075"/>
</testsuite> <!-- com.qacart.todo.testcases.RegisterTest -->
